[17:36:39] [Client thread/INFO]: Setting user: Player265
[17:36:39] [Client thread/INFO]: (Session ID is token:0:Player265)
[17:36:40] [Client thread/INFO]: LWJGL Version: 2.9.4
[17:36:41] [Client thread/INFO]: Reloading ResourceManager: Default
[17:36:41] [Sound Library Loader/INFO]: Starting up SoundSystem...
[17:36:41] [Thread-6/INFO]: Initializing LWJGL OpenAL
[17:36:41] [Thread-6/INFO]: (The LWJGL binding of OpenAL.  For more information, see http://www.lwjgl.org)
[17:36:42] [Thread-6/INFO]: OpenAL initialized.
[17:36:42] [Sound Library Loader/INFO]: Sound engine started
[17:36:46] [Client thread/INFO]: Created: 1024x512 textures-atlas
[17:36:50] [Server thread/INFO]: Starting integrated minecraft server version 1.8.8
[17:36:50] [Server thread/INFO]: Generating keypair
[17:36:50] [Server thread/INFO]: Preparing start region for level 0
[17:36:51] [Server thread/INFO]: Preparing spawn area: 97%
[17:36:51] [Server thread/INFO]: Changing view distance to 8, from 10
[17:36:51] [Server thread/INFO]: Player265[local:E:334e3883] logged in with entity id 189 at (-2.111462490787958, 91.0, 208.96184319516883)
[17:36:51] [Server thread/INFO]: Player265 joined the game
[17:36:51] [Client thread/INFO]: [CHAT] A new §eOptiFine§f version is available: §eHD Ultra I7§f
[17:37:05] [Server thread/INFO]: Saving and pausing game...
[17:37:05] [Server thread/INFO]: Saving chunks for level 'New World'/Overworld
[17:37:06] [Server thread/INFO]: Saving chunks for level 'New World'/Nether
[17:37:06] [Server thread/INFO]: Saving chunks for level 'New World'/The End
[17:37:06] [Server thread/INFO]: Stopping server
[17:37:06] [Server thread/INFO]: Saving players
[17:37:06] [Server thread/INFO]: Saving worlds
[17:37:06] [Server thread/INFO]: Saving chunks for level 'New World'/Overworld
[17:37:06] [Server thread/INFO]: Saving chunks for level 'New World'/Nether
[17:37:06] [Server thread/INFO]: Saving chunks for level 'New World'/The End
[17:37:07] [Client thread/INFO]: Stopping!
[17:37:07] [Client thread/INFO]: SoundSystem shutting down...
[17:37:07] [Client thread/WARN]: Author: Paul Lamb, www.paulscode.com
