[19:19:50] [Client thread/INFO]: Setting user: Player843
[19:19:50] [Client thread/INFO]: (Session ID is token:0:Player843)
[19:19:53] [Client thread/INFO]: LWJGL Version: 2.9.4
[19:19:54] [Client thread/INFO]: Reloading ResourceManager: Default
[19:19:54] [Sound Library Loader/INFO]: Starting up SoundSystem...
[19:19:54] [Thread-6/INFO]: Initializing LWJGL OpenAL
[19:19:54] [Thread-6/INFO]: (The LWJGL binding of OpenAL.  For more information, see http://www.lwjgl.org)
[19:19:56] [Thread-6/INFO]: OpenAL initialized.
[19:19:56] [Sound Library Loader/INFO]: Sound engine started
[19:19:59] [Client thread/INFO]: Created: 1024x512 textures-atlas
[19:20:03] [Server thread/INFO]: Starting integrated minecraft server version 1.8.8
[19:20:03] [Server thread/INFO]: Generating keypair
[19:20:03] [Server thread/INFO]: Preparing start region for level 0
[19:20:04] [Server thread/INFO]: Preparing spawn area: 56%
[19:20:05] [Server thread/INFO]: Changing view distance to 8, from 10
[19:20:05] [Server thread/INFO]: Player843[local:E:2c22b795] logged in with entity id 183 at (-2.709393442294568, 91.0, 212.56685925804794)
[19:20:05] [Server thread/INFO]: Player843 joined the game
[19:20:06] [Client thread/INFO]: [CHAT] A new §eOptiFine§f version is available: §eHD Ultra I7§f
[19:20:09] [Server thread/INFO]: Saving and pausing game...
[19:20:09] [Server thread/INFO]: Saving chunks for level 'New World'/Overworld
[19:20:10] [Server thread/INFO]: Saving chunks for level 'New World'/Nether
[19:20:10] [Server thread/INFO]: Saving chunks for level 'New World'/The End
[19:20:30] [Server thread/INFO]: [Player843: Object successfully summoned]
[19:20:30] [Client thread/INFO]: [CHAT] Object successfully summoned
[19:20:39] [Server thread/INFO]: [Player843: Object successfully summoned]
[19:20:39] [Client thread/INFO]: [CHAT] Object successfully summoned
[19:20:46] [Server thread/INFO]: [Player843: Set game difficulty to Easy]
[19:20:46] [Client thread/INFO]: [CHAT] Set game difficulty to Easy
[19:20:49] [Server thread/INFO]: [Player843: Set the time to 1000]
[19:20:49] [Client thread/INFO]: [CHAT] Set the time to 1000
[19:20:52] [Server thread/INFO]: [Player843: Object successfully summoned]
[19:20:52] [Client thread/INFO]: [CHAT] Object successfully summoned
[19:21:14] [Server thread/INFO]: Saving and pausing game...
[19:21:14] [Server thread/INFO]: Saving chunks for level 'New World'/Overworld
[19:21:14] [Server thread/INFO]: Saving chunks for level 'New World'/Nether
[19:21:14] [Server thread/INFO]: Saving chunks for level 'New World'/The End
[19:21:52] [Server thread/INFO]: [Player843: Set the time to 1000]
[19:21:52] [Client thread/INFO]: [CHAT] Set the time to 1000
[19:21:57] [Server thread/INFO]: Saving and pausing game...
[19:21:57] [Server thread/INFO]: Saving chunks for level 'New World'/Overworld
[19:21:57] [Server thread/INFO]: Saving chunks for level 'New World'/Nether
[19:21:57] [Server thread/INFO]: Saving chunks for level 'New World'/The End
[19:21:58] [Server thread/INFO]: Stopping server
[19:21:58] [Server thread/INFO]: Saving players
[19:21:58] [Server thread/INFO]: Saving worlds
[19:21:58] [Server thread/INFO]: Saving chunks for level 'New World'/Overworld
[19:21:58] [Server thread/INFO]: Saving chunks for level 'New World'/Nether
[19:21:58] [Server thread/INFO]: Saving chunks for level 'New World'/The End
[19:21:59] [Client thread/INFO]: Stopping!
[19:21:59] [Client thread/INFO]: SoundSystem shutting down...
[19:21:59] [Client thread/WARN]: Author: Paul Lamb, www.paulscode.com
